This is XeTeX, Version 3.141592653-2.6-0.999995 (TeX Live 2023/nixos.org) (preloaded format=xelatex 1980.1.1)  4 OCT 2024 21:59
entering extended mode
 restricted \write18 enabled.
 file:line:error style messages enabled.
 %&-line parsing enabled.
**/Users/jia/github/resume/english/colin_zhang_resume.tex
(/Users/jia/github/resume/english/colin_zhang_resume.tex
LaTeX2e <2023-11-01> patch level 1
L3 programming layer <2024-02-20>
(/nix/store/a1xfphai5qn9vv4yvv2riknrzxfgxn7i-texlive-combined-2023-texmfdist/tex/latex/base/article.cls
Document Class: article 2023/05/17 v1.4n Standard LaTeX document class
(/nix/store/a1xfphai5qn9vv4yvv2riknrzxfgxn7i-texlive-combined-2023-texmfdist/tex/latex/base/size11.clo
File: size11.clo 2023/05/17 v1.4n Standard LaTeX file (size option)
)
\c@part=\count184
\c@section=\count185
\c@subsection=\count186
\c@subsubsection=\count187
\c@paragraph=\count188
\c@subparagraph=\count189
\c@figure=\count190
\c@table=\count191
\abovecaptionskip=\skip48
\belowcaptionskip=\skip49
\bibindent=\dimen140
) (/nix/store/a1xfphai5qn9vv4yvv2riknrzxfgxn7i-texlive-combined-2023-texmfdist/tex/latex/fontspec/fontspec.sty (/nix/store/a1xfphai5qn9vv4yvv2riknrzxfgxn7i-texlive-combined-2023-texmfdist/tex/latex/l3packages/xparse/xparse.sty (/nix/store/a1xfphai5qn9vv4yvv2riknrzxfgxn7i-texlive-combined-2023-texmfdist/tex/latex/l3kernel/expl3.sty
Package: expl3 2024-02-20 L3 programming layer (loader) 
 (/nix/store/a1xfphai5qn9vv4yvv2riknrzxfgxn7i-texlive-combined-2023-texmfdist/tex/latex/l3backend/l3backend-xetex.def
File: l3backend-xetex.def 2024-02-20 L3 backend support: XeTeX
\g__graphics_track_int=\count192
\l__pdf_internal_box=\box51
\g__pdf_backend_object_int=\count193
\g__pdf_backend_annotation_int=\count194
\g__pdf_backend_link_int=\count195
))
Package: xparse 2024-02-18 L3 Experimental document command parser
)
Package: fontspec 2024/02/13 v2.9a Font selection for XeLaTeX and LuaLaTeX
 (/nix/store/a1xfphai5qn9vv4yvv2riknrzxfgxn7i-texlive-combined-2023-texmfdist/tex/latex/fontspec/fontspec-xetex.sty
Package: fontspec-xetex 2024/02/13 v2.9a Font selection for XeLaTeX and LuaLaTeX
\l__fontspec_script_int=\count196
\l__fontspec_language_int=\count197
\l__fontspec_strnum_int=\count198
\l__fontspec_tmp_int=\count199
\l__fontspec_tmpa_int=\count266
\l__fontspec_tmpb_int=\count267
\l__fontspec_tmpc_int=\count268
\l__fontspec_em_int=\count269
\l__fontspec_emdef_int=\count270
\l__fontspec_strong_int=\count271
\l__fontspec_strongdef_int=\count272
\l__fontspec_tmpa_dim=\dimen141
\l__fontspec_tmpb_dim=\dimen142
\l__fontspec_tmpc_dim=\dimen143
 (/nix/store/a1xfphai5qn9vv4yvv2riknrzxfgxn7i-texlive-combined-2023-texmfdist/tex/latex/base/fontenc.sty
Package: fontenc 2021/04/29 v2.0v Standard LaTeX package
) (/nix/store/a1xfphai5qn9vv4yvv2riknrzxfgxn7i-texlive-combined-2023-texmfdist/tex/latex/fontspec/fontspec.cfg)))

Package fontspec Info: Font family 'IBMPlexSans(0)' created for font 'IBM Plex
(fontspec)             Sans' with options [Ligatures=TeX].
(fontspec)              
(fontspec)              This font family consists of the following NFSS
(fontspec)             series/shapes:
(fontspec)              
(fontspec)             - 'normal' (m/n) with NFSS spec.: <->"IBM Plex
(fontspec)             Sans/OT:script=latn;language=dflt;mapping=tex-text;"
(fontspec)             - 'small caps'  (m/sc) with NFSS spec.: 
(fontspec)             - 'bold' (b/n) with NFSS spec.: <->"IBM Plex
(fontspec)             Sans/B/OT:script=latn;language=dflt;mapping=tex-text;"
(fontspec)             - 'bold small caps'  (b/sc) with NFSS spec.: 
(fontspec)             - 'italic' (m/it) with NFSS spec.: <->"IBM Plex
(fontspec)             Sans/I/OT:script=latn;language=dflt;mapping=tex-text;"
(fontspec)             - 'italic small caps'  (m/scit) with NFSS spec.: 
(fontspec)             - 'bold italic' (b/it) with NFSS spec.: <->"IBM Plex
(fontspec)             Sans/BI/OT:script=latn;language=dflt;mapping=tex-text;"
(fontspec)             - 'bold italic small caps'  (b/scit) with NFSS spec.: 

 (/nix/store/a1xfphai5qn9vv4yvv2riknrzxfgxn7i-texlive-combined-2023-texmfdist/tex/latex/geometry/geometry.sty
Package: geometry 2020/01/02 v5.9 Page Geometry
 (/nix/store/a1xfphai5qn9vv4yvv2riknrzxfgxn7i-texlive-combined-2023-texmfdist/tex/latex/graphics/keyval.sty
Package: keyval 2022/05/29 v1.15 key=value parser (DPC)
\KV@toks@=\toks17
) (/nix/store/a1xfphai5qn9vv4yvv2riknrzxfgxn7i-texlive-combined-2023-texmfdist/tex/generic/iftex/ifvtex.sty
Package: ifvtex 2019/10/25 v1.7 ifvtex legacy package. Use iftex instead.
 (/nix/store/a1xfphai5qn9vv4yvv2riknrzxfgxn7i-texlive-combined-2023-texmfdist/tex/generic/iftex/iftex.sty
Package: iftex 2022/02/03 v1.0f TeX engine tests
))
\Gm@cnth=\count273
\Gm@cntv=\count274
\c@Gm@tempcnt=\count275
\Gm@bindingoffset=\dimen144
\Gm@wd@mp=\dimen145
\Gm@odd@mp=\dimen146
\Gm@even@mp=\dimen147
\Gm@layoutwidth=\dimen148
\Gm@layoutheight=\dimen149
\Gm@layouthoffset=\dimen150
\Gm@layoutvoffset=\dimen151
\Gm@dimlist=\toks18
) (/nix/store/a1xfphai5qn9vv4yvv2riknrzxfgxn7i-texlive-combined-2023-texmfdist/tex/latex/base/latexsym.sty
Package: latexsym 1998/08/17 v2.2e Standard LaTeX package (lasy symbols)
\symlasy=\mathgroup4
LaTeX Font Info:    Overwriting symbol font `lasy' in version `bold'
(Font)                  U/lasy/m/n --> U/lasy/b/n on input line 52.
) (/nix/store/a1xfphai5qn9vv4yvv2riknrzxfgxn7i-texlive-combined-2023-texmfdist/tex/latex/titlesec/titlesec.sty
Package: titlesec 2023/10/27 v2.16 Sectioning titles
\ttl@box=\box52
\beforetitleunit=\skip50
\aftertitleunit=\skip51
\ttl@plus=\dimen152
\ttl@minus=\dimen153
\ttl@toksa=\toks19
\titlewidth=\dimen154
\titlewidthlast=\dimen155
\titlewidthfirst=\dimen156
) (/nix/store/a1xfphai5qn9vv4yvv2riknrzxfgxn7i-texlive-combined-2023-texmfdist/tex/latex/marvosym/marvosym.sty
Package: marvosym 2011/07/20 v2.2 Martin Vogel's Symbols font definitions
) (/nix/store/a1xfphai5qn9vv4yvv2riknrzxfgxn7i-texlive-combined-2023-texmfdist/tex/latex/graphics/color.sty
Package: color 2022/01/06 v1.3d Standard LaTeX Color (DPC)
 (/nix/store/a1xfphai5qn9vv4yvv2riknrzxfgxn7i-texlive-combined-2023-texmfdist/tex/latex/graphics-cfg/color.cfg
File: color.cfg 2016/01/02 v1.6 sample color configuration
)
Package color Info: Driver file: xetex.def on input line 149.
 (/nix/store/a1xfphai5qn9vv4yvv2riknrzxfgxn7i-texlive-combined-2023-texmfdist/tex/latex/graphics-def/xetex.def
File: xetex.def 2022/09/22 v5.0n Graphics/color driver for xetex
) (/nix/store/a1xfphai5qn9vv4yvv2riknrzxfgxn7i-texlive-combined-2023-texmfdist/tex/latex/graphics/dvipsnam.def
File: dvipsnam.def 2016/06/17 v3.0m Driver-dependent file (DPC,SPQR)
) (/nix/store/a1xfphai5qn9vv4yvv2riknrzxfgxn7i-texlive-combined-2023-texmfdist/tex/latex/graphics/mathcolor.ltx)) (/nix/store/a1xfphai5qn9vv4yvv2riknrzxfgxn7i-texlive-combined-2023-texmfdist/tex/latex/tools/verbatim.sty
Package: verbatim 2023-11-06 v1.5v LaTeX2e package for verbatim enhancements
\every@verbatim=\toks20
\verbatim@line=\toks21
\verbatim@in@stream=\read2
) (/nix/store/a1xfphai5qn9vv4yvv2riknrzxfgxn7i-texlive-combined-2023-texmfdist/tex/latex/enumitem/enumitem.sty
Package: enumitem 2019/06/20 v3.9 Customized lists
\labelindent=\skip52
\enit@outerparindent=\dimen157
\enit@toks=\toks22
\enit@inbox=\box53
\enit@count@id=\count276
\enitdp@description=\count277
) (/nix/store/a1xfphai5qn9vv4yvv2riknrzxfgxn7i-texlive-combined-2023-texmfdist/tex/latex/hyperref/hyperref.sty
Package: hyperref 2024-01-20 v7.01h Hypertext links for LaTeX
 (/nix/store/a1xfphai5qn9vv4yvv2riknrzxfgxn7i-texlive-combined-2023-texmfdist/tex/latex/kvsetkeys/kvsetkeys.sty
Package: kvsetkeys 2022-10-05 v1.19 Key value parser (HO)
) (/nix/store/a1xfphai5qn9vv4yvv2riknrzxfgxn7i-texlive-combined-2023-texmfdist/tex/generic/kvdefinekeys/kvdefinekeys.sty
Package: kvdefinekeys 2019-12-19 v1.6 Define keys (HO)
) (/nix/store/a1xfphai5qn9vv4yvv2riknrzxfgxn7i-texlive-combined-2023-texmfdist/tex/generic/pdfescape/pdfescape.sty
Package: pdfescape 2019/12/09 v1.15 Implements pdfTeX's escape features (HO)
 (/nix/store/a1xfphai5qn9vv4yvv2riknrzxfgxn7i-texlive-combined-2023-texmfdist/tex/generic/ltxcmds/ltxcmds.sty
Package: ltxcmds 2023-12-04 v1.26 LaTeX kernel commands for general use (HO)
) (/nix/store/a1xfphai5qn9vv4yvv2riknrzxfgxn7i-texlive-combined-2023-texmfdist/tex/generic/pdftexcmds/pdftexcmds.sty
Package: pdftexcmds 2020-06-27 v0.33 Utility functions of pdfTeX for LuaTeX (HO)
 (/nix/store/a1xfphai5qn9vv4yvv2riknrzxfgxn7i-texlive-combined-2023-texmfdist/tex/generic/infwarerr/infwarerr.sty
Package: infwarerr 2019/12/03 v1.5 Providing info/warning/error messages (HO)
)
Package pdftexcmds Info: \pdf@primitive is available.
Package pdftexcmds Info: \pdf@ifprimitive is available.
Package pdftexcmds Info: \pdfdraftmode not found.
)) (/nix/store/a1xfphai5qn9vv4yvv2riknrzxfgxn7i-texlive-combined-2023-texmfdist/tex/latex/hycolor/hycolor.sty
Package: hycolor 2020-01-27 v1.10 Color options for hyperref/bookmark (HO)
) (/nix/store/a1xfphai5qn9vv4yvv2riknrzxfgxn7i-texlive-combined-2023-texmfdist/tex/latex/auxhook/auxhook.sty
Package: auxhook 2019-12-17 v1.6 Hooks for auxiliary files (HO)
) (/nix/store/a1xfphai5qn9vv4yvv2riknrzxfgxn7i-texlive-combined-2023-texmfdist/tex/latex/hyperref/nameref.sty
Package: nameref 2023-11-26 v2.56 Cross-referencing by name of section
 (/nix/store/a1xfphai5qn9vv4yvv2riknrzxfgxn7i-texlive-combined-2023-texmfdist/tex/latex/refcount/refcount.sty
Package: refcount 2019/12/15 v3.6 Data extraction from label references (HO)
) (/nix/store/a1xfphai5qn9vv4yvv2riknrzxfgxn7i-texlive-combined-2023-texmfdist/tex/generic/gettitlestring/gettitlestring.sty
Package: gettitlestring 2019/12/15 v1.6 Cleanup title references (HO)
 (/nix/store/a1xfphai5qn9vv4yvv2riknrzxfgxn7i-texlive-combined-2023-texmfdist/tex/latex/kvoptions/kvoptions.sty
Package: kvoptions 2022-06-15 v3.15 Key value format for package options (HO)
))
\c@section@level=\count278
) (/nix/store/a1xfphai5qn9vv4yvv2riknrzxfgxn7i-texlive-combined-2023-texmfdist/tex/latex/etoolbox/etoolbox.sty
Package: etoolbox 2020/10/05 v2.5k e-TeX tools for LaTeX (JAW)
\etb@tempcnta=\count279
)
\@linkdim=\dimen158
\Hy@linkcounter=\count280
\Hy@pagecounter=\count281
 (/nix/store/a1xfphai5qn9vv4yvv2riknrzxfgxn7i-texlive-combined-2023-texmfdist/tex/latex/hyperref/pd1enc.def
File: pd1enc.def 2024-01-20 v7.01h Hyperref: PDFDocEncoding definition (HO)
) (/nix/store/a1xfphai5qn9vv4yvv2riknrzxfgxn7i-texlive-combined-2023-texmfdist/tex/generic/intcalc/intcalc.sty
Package: intcalc 2019/12/15 v1.3 Expandable calculations with integers (HO)
)
\Hy@SavedSpaceFactor=\count282
 (/nix/store/a1xfphai5qn9vv4yvv2riknrzxfgxn7i-texlive-combined-2023-texmfdist/tex/latex/hyperref/puenc.def
File: puenc.def 2024-01-20 v7.01h Hyperref: PDF Unicode definition (HO)
)
Package hyperref Info: Hyper figures OFF on input line 4179.
Package hyperref Info: Link nesting OFF on input line 4184.
Package hyperref Info: Hyper index ON on input line 4187.
Package hyperref Info: Plain pages OFF on input line 4194.
Package hyperref Info: Backreferencing OFF on input line 4199.
Package hyperref Info: Implicit mode ON; LaTeX internals redefined.
Package hyperref Info: Bookmarks ON on input line 4446.
\c@Hy@tempcnt=\count283
 (/nix/store/a1xfphai5qn9vv4yvv2riknrzxfgxn7i-texlive-combined-2023-texmfdist/tex/latex/url/url.sty
\Urlmuskip=\muskip16
Package: url 2013/09/16  ver 3.4  Verb mode for urls, etc.
)
LaTeX Info: Redefining \url on input line 4784.
\XeTeXLinkMargin=\dimen159
 (/nix/store/a1xfphai5qn9vv4yvv2riknrzxfgxn7i-texlive-combined-2023-texmfdist/tex/generic/bitset/bitset.sty
Package: bitset 2019/12/09 v1.3 Handle bit-vector datatype (HO)
 (/nix/store/a1xfphai5qn9vv4yvv2riknrzxfgxn7i-texlive-combined-2023-texmfdist/tex/generic/bigintcalc/bigintcalc.sty
Package: bigintcalc 2019/12/15 v1.5 Expandable calculations on big integers (HO)
))
\Fld@menulength=\count284
\Field@Width=\dimen160
\Fld@charsize=\dimen161
Package hyperref Info: Hyper figures OFF on input line 6063.
Package hyperref Info: Link nesting OFF on input line 6068.
Package hyperref Info: Hyper index ON on input line 6071.
Package hyperref Info: backreferencing OFF on input line 6078.
Package hyperref Info: Link coloring OFF on input line 6083.
Package hyperref Info: Link coloring with OCG OFF on input line 6088.
Package hyperref Info: PDF/A mode OFF on input line 6093.
 (/nix/store/a1xfphai5qn9vv4yvv2riknrzxfgxn7i-texlive-combined-2023-texmfdist/tex/latex/base/atbegshi-ltx.sty
Package: atbegshi-ltx 2021/01/10 v1.0c Emulation of the original atbegshi
package with kernel methods
)
\Hy@abspage=\count285
\c@Item=\count286
\c@Hfootnote=\count287
)
Package hyperref Info: Driver (autodetected): hxetex.
 (/nix/store/a1xfphai5qn9vv4yvv2riknrzxfgxn7i-texlive-combined-2023-texmfdist/tex/latex/hyperref/hxetex.def
File: hxetex.def 2024-01-20 v7.01h Hyperref driver for XeTeX
 (/nix/store/a1xfphai5qn9vv4yvv2riknrzxfgxn7i-texlive-combined-2023-texmfdist/tex/generic/stringenc/stringenc.sty
Package: stringenc 2019/11/29 v1.12 Convert strings between diff. encodings (HO)
)
\pdfm@box=\box54
\c@Hy@AnnotLevel=\count288
\HyField@AnnotCount=\count289
\Fld@listcount=\count290
\c@bookmark@seq@number=\count291
 (/nix/store/a1xfphai5qn9vv4yvv2riknrzxfgxn7i-texlive-combined-2023-texmfdist/tex/latex/rerunfilecheck/rerunfilecheck.sty
Package: rerunfilecheck 2022-07-10 v1.10 Rerun checks for auxiliary files (HO)
 (/nix/store/a1xfphai5qn9vv4yvv2riknrzxfgxn7i-texlive-combined-2023-texmfdist/tex/latex/base/atveryend-ltx.sty
Package: atveryend-ltx 2020/08/19 v1.0a Emulation of the original atveryend package
with kernel methods
) (/nix/store/a1xfphai5qn9vv4yvv2riknrzxfgxn7i-texlive-combined-2023-texmfdist/tex/generic/uniquecounter/uniquecounter.sty
Package: uniquecounter 2019/12/15 v1.4 Provide unlimited unique counter (HO)
)
Package uniquecounter Info: New unique counter `rerunfilecheck' on input line 285.
)
\Hy@SectionHShift=\skip53
) (/nix/store/a1xfphai5qn9vv4yvv2riknrzxfgxn7i-texlive-combined-2023-texmfdist/tex/latex/fancyhdr/fancyhdr.sty
Package: fancyhdr 2022/11/09 v4.1 Extensive control of page headers and footers
\f@nch@headwidth=\skip54
\f@nch@O@elh=\skip55
\f@nch@O@erh=\skip56
\f@nch@O@olh=\skip57
\f@nch@O@orh=\skip58
\f@nch@O@elf=\skip59
\f@nch@O@erf=\skip60
\f@nch@O@olf=\skip61
\f@nch@O@orf=\skip62
) (/nix/store/a1xfphai5qn9vv4yvv2riknrzxfgxn7i-texlive-combined-2023-texmfdist/tex/generic/babel/babel.sty
Package: babel 2024/02/07 v24.2 The Babel package
\babel@savecnt=\count292
\U@D=\dimen162
\l@unhyphenated=\language50
 (/nix/store/a1xfphai5qn9vv4yvv2riknrzxfgxn7i-texlive-combined-2023-texmfdist/tex/generic/babel/xebabel.def)
\bbl@readstream=\read3
\bbl@dirlevel=\count293
 (/nix/store/a1xfphai5qn9vv4yvv2riknrzxfgxn7i-texlive-combined-2023-texmfdist/tex/generic/babel-english/english.ldf
Language: english 2017/06/06 v3.3r English support from the babel system
Package babel Info: Hyphen rules for 'canadian' set to \l@english
(babel)             (\language0). Reported on input line 102.
Package babel Info: Hyphen rules for 'australian' set to \l@ukenglish
(babel)             (\language13). Reported on input line 105.
Package babel Info: Hyphen rules for 'newzealand' set to \l@ukenglish
(babel)             (\language13). Reported on input line 108.
)) (/nix/store/a1xfphai5qn9vv4yvv2riknrzxfgxn7i-texlive-combined-2023-texmfdist/tex/generic/babel/locale/en/babel-english.tex
Package babel Info: Importing font and identification data for english
(babel)             from babel-en.ini. Reported on input line 11.
) (/nix/store/a1xfphai5qn9vv4yvv2riknrzxfgxn7i-texlive-combined-2023-texmfdist/tex/latex/tools/tabularx.sty
Package: tabularx 2023/07/08 v2.11c `tabularx' package (DPC)
 (/nix/store/a1xfphai5qn9vv4yvv2riknrzxfgxn7i-texlive-combined-2023-texmfdist/tex/latex/tools/array.sty
Package: array 2023/10/16 v2.5g Tabular extension package (FMi)
\col@sep=\dimen163
\ar@mcellbox=\box55
\extrarowheight=\dimen164
\NC@list=\toks23
\extratabsurround=\skip63
\backup@length=\skip64
\ar@cellbox=\box56
)
\TX@col@width=\dimen165
\TX@old@table=\dimen166
\TX@old@col=\dimen167
\TX@target=\dimen168
\TX@delta=\dimen169
\TX@cols=\count294
\TX@ftn=\toks24
) (/nix/store/a1xfphai5qn9vv4yvv2riknrzxfgxn7i-texlive-combined-2023-texmfdist/tex/latex/hyphenat/hyphenat.sty
Package: hyphenat 2009/09/02 v2.3c hyphenation utilities
\langwohyphens=\language51
LaTeX Info: Redefining \_ on input line 43.
) (/nix/store/a1xfphai5qn9vv4yvv2riknrzxfgxn7i-texlive-combined-2023-texmfdist/tex/latex/fontawesome/fontawesome.sty
Package: fontawesome 2016/05/15 v4.6.3.1 font awesome icons
 (/nix/store/a1xfphai5qn9vv4yvv2riknrzxfgxn7i-texlive-combined-2023-texmfdist/tex/generic/iftex/ifxetex.sty
Package: ifxetex 2019/10/25 v0.7 ifxetex legacy package. Use iftex instead.
) (/nix/store/a1xfphai5qn9vv4yvv2riknrzxfgxn7i-texlive-combined-2023-texmfdist/tex/generic/iftex/ifluatex.sty
Package: ifluatex 2019/10/25 v1.5 ifluatex legacy package. Use iftex instead.
) (/nix/store/a1xfphai5qn9vv4yvv2riknrzxfgxn7i-texlive-combined-2023-texmfdist/tex/latex/fontawesome/fontawesomesymbols-generic.tex)

Package fontspec Info: Could not resolve font "FontAwesome/BI" (it probably
(fontspec)             doesn't exist).


Package fontspec Info: Could not resolve font "FontAwesome/B" (it probably
(fontspec)             doesn't exist).


Package fontspec Info: Could not resolve font "FontAwesome/I" (it probably
(fontspec)             doesn't exist).


Package fontspec Info: Font family 'FontAwesome(0)' created for font
(fontspec)             'FontAwesome' with options [].
(fontspec)              
(fontspec)              This font family consists of the following NFSS
(fontspec)             series/shapes:
(fontspec)              
(fontspec)             - 'normal' (m/n) with NFSS spec.:
(fontspec)             <->"FontAwesome/OT:language=dflt;"
(fontspec)             - 'small caps'  (m/sc) with NFSS spec.: 

 (/nix/store/a1xfphai5qn9vv4yvv2riknrzxfgxn7i-texlive-combined-2023-texmfdist/tex/latex/fontawesome/fontawesomesymbols-xeluatex.tex)) (/nix/store/a1xfphai5qn9vv4yvv2riknrzxfgxn7i-texlive-combined-2023-texmfdist/tex/latex/parskip/parskip.sty
Package: parskip 2021-03-14 v2.0h non-zero parskip adjustments
) (/nix/store/a1xfphai5qn9vv4yvv2riknrzxfgxn7i-texlive-combined-2023-texmfdist/tex/latex/csquotes/csquotes.sty
Package: csquotes 2022-09-14 v5.2n context-sensitive quotations (JAW)
\csq@reset=\count295
\csq@gtype=\count296
\csq@glevel=\count297
\csq@qlevel=\count298
\csq@maxlvl=\count299
\csq@tshold=\count300
\csq@ltx@everypar=\toks25
 (/nix/store/a1xfphai5qn9vv4yvv2riknrzxfgxn7i-texlive-combined-2023-texmfdist/tex/latex/csquotes/csquotes.def
File: csquotes.def 2022-09-14 v5.2n csquotes generic definitions (JAW)
)
Package csquotes Info: Trying to load configuration file 'csquotes.cfg'...
Package csquotes Info: ... configuration file loaded successfully.
 (/nix/store/a1xfphai5qn9vv4yvv2riknrzxfgxn7i-texlive-combined-2023-texmfdist/tex/latex/csquotes/csquotes.cfg
File: csquotes.cfg 
))
Package csquotes Info: Checking for multilingual support...
Package csquotes Info: ... found 'babel' package.
Package csquotes Info: Adjusting default style.
Package csquotes Info: Redefining alias 'default' -> 'english'.
 (./colin_zhang_resume.aux)
\openout1 = `colin_zhang_resume.aux'.

LaTeX Font Info:    Checking defaults for OML/cmm/m/it on input line 137.
LaTeX Font Info:    ... okay on input line 137.
LaTeX Font Info:    Checking defaults for OMS/cmsy/m/n on input line 137.
LaTeX Font Info:    ... okay on input line 137.
LaTeX Font Info:    Checking defaults for OT1/cmr/m/n on input line 137.
LaTeX Font Info:    ... okay on input line 137.
LaTeX Font Info:    Checking defaults for T1/cmr/m/n on input line 137.
LaTeX Font Info:    ... okay on input line 137.
LaTeX Font Info:    Checking defaults for TS1/cmr/m/n on input line 137.
LaTeX Font Info:    Trying to load font information for TS1+cmr on input line 137.
 (/nix/store/a1xfphai5qn9vv4yvv2riknrzxfgxn7i-texlive-combined-2023-texmfdist/tex/latex/base/ts1cmr.fd
File: ts1cmr.fd 2023/04/13 v2.5m Standard LaTeX font definitions
)
LaTeX Font Info:    ... okay on input line 137.
LaTeX Font Info:    Checking defaults for TU/lmr/m/n on input line 137.
LaTeX Font Info:    ... okay on input line 137.
LaTeX Font Info:    Checking defaults for OMX/cmex/m/n on input line 137.
LaTeX Font Info:    ... okay on input line 137.
LaTeX Font Info:    Checking defaults for U/cmr/m/n on input line 137.
LaTeX Font Info:    ... okay on input line 137.
LaTeX Font Info:    Checking defaults for PD1/pdf/m/n on input line 137.
LaTeX Font Info:    ... okay on input line 137.
LaTeX Font Info:    Checking defaults for PU/pdf/m/n on input line 137.
LaTeX Font Info:    ... okay on input line 137.

Package fontspec Info: Adjusting the maths setup (use [no-math] to avoid
(fontspec)             this).

\symlegacymaths=\mathgroup5
LaTeX Font Info:    Overwriting symbol font `legacymaths' in version `bold'
(Font)                  OT1/cmr/m/n --> OT1/cmr/bx/n on input line 137.
LaTeX Font Info:    Redeclaring math accent \acute on input line 137.
LaTeX Font Info:    Redeclaring math accent \grave on input line 137.
LaTeX Font Info:    Redeclaring math accent \ddot on input line 137.
LaTeX Font Info:    Redeclaring math accent \tilde on input line 137.
LaTeX Font Info:    Redeclaring math accent \bar on input line 137.
LaTeX Font Info:    Redeclaring math accent \breve on input line 137.
LaTeX Font Info:    Redeclaring math accent \check on input line 137.
LaTeX Font Info:    Redeclaring math accent \hat on input line 137.
LaTeX Font Info:    Redeclaring math accent \dot on input line 137.
LaTeX Font Info:    Redeclaring math accent \mathring on input line 137.
LaTeX Font Info:    Redeclaring math symbol \colon on input line 137.
LaTeX Font Info:    Redeclaring math symbol \Gamma on input line 137.
LaTeX Font Info:    Redeclaring math symbol \Delta on input line 137.
LaTeX Font Info:    Redeclaring math symbol \Theta on input line 137.
LaTeX Font Info:    Redeclaring math symbol \Lambda on input line 137.
LaTeX Font Info:    Redeclaring math symbol \Xi on input line 137.
LaTeX Font Info:    Redeclaring math symbol \Pi on input line 137.
LaTeX Font Info:    Redeclaring math symbol \Sigma on input line 137.
LaTeX Font Info:    Redeclaring math symbol \Upsilon on input line 137.
LaTeX Font Info:    Redeclaring math symbol \Phi on input line 137.
LaTeX Font Info:    Redeclaring math symbol \Psi on input line 137.
LaTeX Font Info:    Redeclaring math symbol \Omega on input line 137.
LaTeX Font Info:    Redeclaring math symbol \mathdollar on input line 137.
LaTeX Font Info:    Redeclaring symbol font `operators' on input line 137.
LaTeX Font Info:    Encoding `OT1' has changed to `TU' for symbol font
(Font)              `operators' in the math version `normal' on input line 137.
LaTeX Font Info:    Overwriting symbol font `operators' in version `normal'
(Font)                  OT1/cmr/m/n --> TU/IBMPlexSans(0)/m/n on input line 137.
LaTeX Font Info:    Encoding `OT1' has changed to `TU' for symbol font
(Font)              `operators' in the math version `bold' on input line 137.
LaTeX Font Info:    Overwriting symbol font `operators' in version `bold'
(Font)                  OT1/cmr/bx/n --> TU/IBMPlexSans(0)/m/n on input line 137.
LaTeX Font Info:    Overwriting symbol font `operators' in version `normal'
(Font)                  TU/IBMPlexSans(0)/m/n --> TU/IBMPlexSans(0)/m/n on input line 137.
LaTeX Font Info:    Overwriting math alphabet `\mathit' in version `normal'
(Font)                  OT1/cmr/m/it --> TU/IBMPlexSans(0)/m/it on input line 137.
LaTeX Font Info:    Overwriting math alphabet `\mathbf' in version `normal'
(Font)                  OT1/cmr/bx/n --> TU/IBMPlexSans(0)/b/n on input line 137.
LaTeX Font Info:    Overwriting math alphabet `\mathsf' in version `normal'
(Font)                  OT1/cmss/m/n --> TU/lmss/m/n on input line 137.
LaTeX Font Info:    Overwriting math alphabet `\mathtt' in version `normal'
(Font)                  OT1/cmtt/m/n --> TU/lmtt/m/n on input line 137.
LaTeX Font Info:    Overwriting symbol font `operators' in version `bold'
(Font)                  TU/IBMPlexSans(0)/m/n --> TU/IBMPlexSans(0)/b/n on input line 137.
LaTeX Font Info:    Overwriting math alphabet `\mathit' in version `bold'
(Font)                  OT1/cmr/bx/it --> TU/IBMPlexSans(0)/b/it on input line 137.
LaTeX Font Info:    Overwriting math alphabet `\mathsf' in version `bold'
(Font)                  OT1/cmss/bx/n --> TU/lmss/b/n on input line 137.
LaTeX Font Info:    Overwriting math alphabet `\mathtt' in version `bold'
(Font)                  OT1/cmtt/m/n --> TU/lmtt/b/n on input line 137.

*geometry* driver: auto-detecting
*geometry* detected driver: xetex
*geometry* verbose mode - [ preamble ] result:
* driver: xetex
* paper: letterpaper
* layout: <same size as paper>
* layoutoffset:(h,v)=(0.0pt,0.0pt)
* modes: 
* h-part:(L,W,R)=(36.135pt, 542.02501pt, 36.135pt)
* v-part:(T,H,B)=(28.90755pt, 737.15489pt, 28.90755pt)
* \paperwidth=614.295pt
* \paperheight=794.96999pt
* \textwidth=542.02501pt
* \textheight=737.15489pt
* \oddsidemargin=-36.135pt
* \evensidemargin=-36.135pt
* \topmargin=-80.36244pt
* \headheight=12.0pt
* \headsep=25.0pt
* \topskip=11.0pt
* \footskip=30.0pt
* \marginparwidth=59.0pt
* \marginparsep=10.0pt
* \columnsep=10.0pt
* \skip\footins=10.0pt plus 4.0pt minus 2.0pt
* \hoffset=0.0pt
* \voffset=0.0pt
* \mag=1000
* \@twocolumnfalse
* \@twosidefalse
* \@mparswitchfalse
* \@reversemarginfalse
* (1in=72.27pt=25.4mm, 1cm=28.453pt)

Package hyperref Info: Link coloring OFF on input line 137.
(./colin_zhang_resume.out) (./colin_zhang_resume.out)
\@outlinefile=\write3
\openout3 = `colin_zhang_resume.out'.

LaTeX Font Info:    External font `cmex10' loaded for size
(Font)              <7> on input line 146.
LaTeX Font Info:    External font `cmex10' loaded for size
(Font)              <5> on input line 146.
LaTeX Font Info:    Trying to load font information for U+lasy on input line 146.
 (/nix/store/a1xfphai5qn9vv4yvv2riknrzxfgxn7i-texlive-combined-2023-texmfdist/tex/latex/base/ulasy.fd
File: ulasy.fd 1998/08/17 v2.2e LaTeX symbol font definitions
)

LaTeX Font Warning: Font shape `TU/IBMPlexSans(0)/m/sc' undefined
(Font)              using `TU/IBMPlexSans(0)/m/n' instead on input line 168.

LaTeX Font Info:    External font `cmex10' loaded for size
(Font)              <10.95> on input line 172.
LaTeX Font Info:    External font `cmex10' loaded for size
(Font)              <8> on input line 172.
LaTeX Font Info:    External font `cmex10' loaded for size
(Font)              <6> on input line 172.

LaTeX Font Warning: Font shape `TU/lmtt/bx/it' in size <10> not available
(Font)              Font shape `TU/lmtt/b/sl' tried instead on input line 192.

LaTeX Font Info:    Font shape `TU/lmtt/bx/n' in size <10> not available
(Font)              Font shape `TU/lmtt/b/n' tried instead on input line 219.

LaTeX Font Warning: Font shape `TU/FontAwesome(0)/b/it' undefined
(Font)              using `TU/FontAwesome(0)/m/n' instead on input line 233.

[1

] (./colin_zhang_resume.aux)
 ***********
LaTeX2e <2023-11-01> patch level 1
L3 programming layer <2024-02-20>
 ***********


LaTeX Font Warning: Some font shapes were not available, defaults substituted.

Package rerunfilecheck Info: File `colin_zhang_resume.out' has not changed.
(rerunfilecheck)             Checksum: 2417B47431CEE2283DE9BF407A6A3339;539.
 ) 
Here is how much of TeX's memory you used:
 15657 strings out of 475980
 304591 string characters out of 5768027
 1956839 words of memory out of 5000000
 37544 multiletter control sequences out of 15000+600000
 562084 words of font info for 87 fonts, out of 8000000 for 9000
 430 hyphenation exceptions out of 8191
 79i,11n,93p,1240b,526s stack positions out of 10000i,1000n,20000p,200000b,200000s

Output written on colin_zhang_resume.xdv (1 page, 47964 bytes).
